{
  "stats": {
    "suites": 1,
    "tests": 4,
    "passes": 4,
    "pending": 0,
    "failures": 0,
    "start": "2021-01-08T10:33:17.653Z",
    "end": "2021-01-08T10:33:20.071Z",
    "duration": 2418,
    "testsRegistered": 4,
    "passPercent": 100,
    "pendingPercent": 0,
    "other": 0,
    "hasOther": false,
    "skipped": 0,
    "hasSkipped": false
  },
  "results": [
    {
      "uuid": "5eb4c88b-bbd8-4e37-90fc-a23bd03899ff",
      "title": "",
      "fullFile": "cypress/integration/backend-auth.spec.js",
      "file": "cypress/integration/backend-auth.spec.js",
      "beforeHooks": [],
      "afterHooks": [],
      "tests": [],
      "suites": [
        {
          "uuid": "88d72885-1abf-460d-ab89-ece86b7f5513",
          "title": "testing auth",
          "fullFile": "",
          "file": "",
          "beforeHooks": [],
          "afterHooks": [],
          "tests": [
            {
              "title": "GET",
              "fullTitle": "testing auth GET",
              "timedOut": null,
              "duration": 673,
              "state": "passed",
              "speed": "slow",
              "pass": true,
              "fail": false,
              "pending": false,
              "context": null,
              "code": "cy.authenticateSession().then(function (response) {\n  cy.request({\n    method: \"GET\",\n    url: 'http://localhost:3000/api/rooms',\n    headers: {\n      'X-User-Auth': JSON.stringify(Cypress.env().loginToken),\n      'Content-Type': 'application/json'\n    }\n  }).then(function (response) {\n    cy.log(response.body[0].id);\n    cy.log(response.body[0].created);\n    cy.log(response.body[0].category);\n    cy.log(response.body[0].floor);\n    cy.log(response.body[0].number);\n    cy.log(response.body[0].available);\n    cy.log(response.body[0].price);\n  });\n});",
              "err": {},
              "uuid": "6edda6a1-5249-4b46-b460-86fade59bffd",
              "parentUUID": "88d72885-1abf-460d-ab89-ece86b7f5513",
              "isHook": false,
              "skipped": false
            },
            {
              "title": "POST",
              "fullTitle": "testing auth POST",
              "timedOut": null,
              "duration": 542,
              "state": "passed",
              "speed": "slow",
              "pass": true,
              "fail": false,
              "pending": false,
              "context": null,
              "code": "cy.authenticateSession().then(function (response) {\n  var payload = {\n    \"features\": [\"balcony\", \"ensuite\", \"sea_view\", \"penthouse\"],\n    \"category\": \"double\",\n    \"number\": \"104\",\n    \"floor\": \"1\",\n    \"available\": true,\n    \"price\": \"2000\"\n  };\n  cy.request({\n    method: \"POST\",\n    url: '\thttp://localhost:3000/api/room/new',\n    headers: {\n      'X-User-Auth': JSON.stringify(Cypress.env().loginToken),\n      'Content-Type': 'application/json'\n    },\n    body: payload\n  }).then(function (response) {\n    //cy.log(JSON.stringify(response))\n    var responseAsString = JSON.stringify(response);\n    expect(responseAsString).to.have.string(payload.number);\n  });\n});",
              "err": {},
              "uuid": "2cca8bbd-d155-424c-a08a-8157affb6fc8",
              "parentUUID": "88d72885-1abf-460d-ab89-ece86b7f5513",
              "isHook": false,
              "skipped": false
            },
            {
              "title": "PUT",
              "fullTitle": "testing auth PUT",
              "timedOut": null,
              "duration": 554,
              "state": "passed",
              "speed": "slow",
              "pass": true,
              "fail": false,
              "pending": false,
              "context": null,
              "code": "cy.authenticateSession().then(function (response) {\n  var payload = {\n    \"features\": [\"balcony\", \"ensuite\", \"sea_view\"],\n    \"category\": \"double\",\n    \"number\": 104,\n    \"floor\": 1,\n    \"available\": true,\n    \"price\": 3000,\n    \"id\": 3,\n    \"created\": \"2021-01-06T13:19:35.739Z\"\n  };\n  cy.request({\n    method: \"PUT\",\n    url: 'http://localhost:3000/api/room/3',\n    headers: {\n      'X-User-Auth': JSON.stringify(Cypress.env().loginToken),\n      'Content-Type': 'application/json'\n    },\n    body: payload\n  }).then(function (response) {\n    //cy.log(JSON.stringify(response))\n    var responseAsString = JSON.stringify(response);\n    expect(responseAsString).to.have.string(payload.number);\n  });\n});",
              "err": {},
              "uuid": "444cdeca-b8be-417b-90a8-adbd25b29fb5",
              "parentUUID": "88d72885-1abf-460d-ab89-ece86b7f5513",
              "isHook": false,
              "skipped": false
            },
            {
              "title": "DELETE",
              "fullTitle": "testing auth DELETE",
              "timedOut": null,
              "duration": 544,
              "state": "passed",
              "speed": "slow",
              "pass": true,
              "fail": false,
              "pending": false,
              "context": null,
              "code": "cy.authenticateSession().then(function (response) {\n  var payload = {\n    \"features\": [\"balcony\", \"ensuite\", \"sea_view\"],\n    \"category\": \"double\",\n    \"number\": 104,\n    \"floor\": 1,\n    \"available\": true,\n    \"price\": 3000,\n    \"id\": 3,\n    \"created\": \"2021-01-06T13:19:35.739Z\"\n  };\n  cy.request({\n    method: \"DELETE\",\n    url: 'http://localhost:3000/api/room/3',\n    headers: {\n      'X-User-Auth': JSON.stringify(Cypress.env().loginToken),\n      'Content-Type': 'application/json'\n    },\n    body: payload\n  }).then(function (response) {\n    //cy.log(JSON.stringify(response))\n    var responseAsString = JSON.stringify(response);\n    expect(responseAsString).to.have.string(payload.number);\n  });\n});",
              "err": {},
              "uuid": "9a73c42f-6dc0-4972-ba1d-0e1bf6c127d9",
              "parentUUID": "88d72885-1abf-460d-ab89-ece86b7f5513",
              "isHook": false,
              "skipped": false
            }
          ],
          "suites": [],
          "passes": [
            "6edda6a1-5249-4b46-b460-86fade59bffd",
            "2cca8bbd-d155-424c-a08a-8157affb6fc8",
            "444cdeca-b8be-417b-90a8-adbd25b29fb5",
            "9a73c42f-6dc0-4972-ba1d-0e1bf6c127d9"
          ],
          "failures": [],
          "pending": [],
          "skipped": [],
          "duration": 2313,
          "root": false,
          "rootEmpty": false,
          "_timeout": 2000
        }
      ],
      "passes": [],
      "failures": [],
      "pending": [],
      "skipped": [],
      "duration": 0,
      "root": true,
      "rootEmpty": true,
      "_timeout": 2000
    }
  ],
  "meta": {
    "mocha": {
      "version": "7.0.1"
    },
    "mochawesome": {
      "options": {
        "quiet": false,
        "reportFilename": "mochawesome",
        "saveHtml": true,
        "saveJson": true,
        "consoleReporter": "spec",
        "useInlineDiffs": false,
        "code": true
      },
      "version": "6.2.1"
    },
    "marge": {
      "options": null,
      "version": "5.1.0"
    }
  }
}